<?xml version="1.0" encoding="UTF-8" ?>
<testsuite tests="1" failures="0" name="test.shiro.IniRealmTest" time="0.014" errors="1" skipped="0">
  <properties>
[...]
</properties>
  <testcase classname="test.shiro.IniRealmTest" name="testAuthentication" time="0.014">
    <error message="Subject does not have permission [user:update]" type="org.apache.shiro.authz.UnauthorizedException">org.apache.shiro.authz.UnauthorizedException: Subject does not have permission [user:update]
	at org.apache.shiro.authz.ModularRealmAuthorizer.checkPermission(ModularRealmAuthorizer.java:323)
	at org.apache.shiro.mgt.AuthorizingSecurityManager.checkPermission(AuthorizingSecurityManager.java:137)
	at org.apache.shiro.subject.support.DelegatingSubject.checkPermission(DelegatingSubject.java:209)
	at test.shiro.IniRealmTest.testAuthentication(IniRealmTest.java:41)
	at sun.reflect.NativeMethodAccessorImpl.invoke0(Native Method)
	at sun.reflect.NativeMethodAccessorImpl.invoke(Unknown Source)
	at sun.reflect.DelegatingMethodAccessorImpl.invoke(Unknown Source)
	at java.lang.reflect.Method.invoke(Unknown Source)
	at org.junit.runners.model.FrameworkMethod$1.runReflectiveCall(FrameworkMethod.java:50)
	at org.junit.internal.runners.model.ReflectiveCallable.run(ReflectiveCallable.java:12)
	at org.junit.runners.model.FrameworkMethod.invokeExplosively(FrameworkMethod.java:47)
	at org.junit.internal.runners.statements.InvokeMethod.evaluate(InvokeMethod.java:17)
	at org.junit.runners.ParentRunner.runLeaf(ParentRunner.java:325)
	at org.junit.runners.BlockJUnit4ClassRunner.runChild(BlockJUnit4ClassRunner.java:78)
	at org.junit.runners.BlockJUnit4ClassRunner.runChild(BlockJUnit4ClassRunner.java:57)
	at org.junit.runners.ParentRunner$3.run(ParentRunner.java:290)
	at org.junit.runners.ParentRunner$1.schedule(ParentRunner.java:71)
	at org.junit.runners.ParentRunner.runChildren(ParentRunner.java:288)
	at org.junit.runners.ParentRunner.access$000(ParentRunner.java:58)
	at org.junit.runners.ParentRunner$2.evaluate(ParentRunner.java:268)
	at org.junit.runners.ParentRunner.run(ParentRunner.java:363)
	at org.apache.maven.surefire.junit4.JUnit4Provider.execute(JUnit4Provider.java:252)
	at org.apache.maven.surefire.junit4.JUnit4Provider.executeTestSet(JUnit4Provider.java:141)
	at org.apache.maven.surefire.junit4.JUnit4Provider.invoke(JUnit4Provider.java:112)
	at sun.reflect.NativeMethodAccessorImpl.invoke0(Native Method)
	at sun.reflect.NativeMethodAccessorImpl.invoke(Unknown Source)
	at sun.reflect.DelegatingMethodAccessorImpl.invoke(Unknown Source)
	at java.lang.reflect.Method.invoke(Unknown Source)
	at org.apache.maven.surefire.util.ReflectionUtils.invokeMethodWithArray(ReflectionUtils.java:189)
	at org.apache.maven.surefire.booter.ProviderFactory$ProviderProxy.invoke(ProviderFactory.java:165)
	at org.apache.maven.surefire.booter.ProviderFactory.invokeProvider(ProviderFactory.java:85)
	at org.apache.maven.surefire.booter.ForkedBooter.runSuitesInProcess(ForkedBooter.java:115)
	at org.apache.maven.surefire.booter.ForkedBooter.main(ForkedBooter.java:75)
</error>
    <system-out>[18:03:17.276][DEBUG][org.apache.shiro.io.ResourceUtils][main] Opening resource from class path [user.ini]
[18:03:17.284][DEBUG][org.apache.shiro.config.Ini][main] Parsing [users]
[18:03:17.285][DEBUG][org.apache.shiro.config.Ini][main] Parsing [roles]
[18:03:17.286][DEBUG][org.apache.shiro.realm.text.IniRealm][main] Discovered the [roles] section.  Processing...
[18:03:17.288][DEBUG][org.apache.shiro.realm.text.IniRealm][main] Discovered the [users] section.  Processing...
[18:03:17.288][DEBUG][o.apache.shiro.realm.AuthenticatingRealm][main] Looked up AuthenticationInfo [Mark] from doGetAuthenticationInfo
[18:03:17.288][DEBUG][o.apache.shiro.realm.AuthenticatingRealm][main] AuthenticationInfo caching is disabled for info [Mark].  Submitted token: [org.apache.shiro.authc.UsernamePasswordToken - Mark, rememberMe=false].
[18:03:17.288][DEBUG][o.a.s.a.c.SimpleCredentialsMatcher][main] Performing credentials equality check for tokenCredentials of type [[C and accountCredentials of type [java.lang.String]
[18:03:17.288][DEBUG][o.a.s.a.c.SimpleCredentialsMatcher][main] Both credentials arguments can be easily converted to byte arrays.  Performing array equals comparison
[18:03:17.288][DEBUG][o.a.shiro.authc.AbstractAuthenticator][main] Authentication successful for token [org.apache.shiro.authc.UsernamePasswordToken - Mark, rememberMe=false].  Returned account [Mark]
[18:03:17.288][DEBUG][o.a.s.s.support.DefaultSubjectContext][main] No SecurityManager available in subject context map.  Falling back to SecurityUtils.getSecurityManager() lookup.
[18:03:17.288][DEBUG][o.a.shiro.mgt.DefaultSecurityManager][main] Context already contains a session.  Returning.
[18:03:17.288][DEBUG][o.a.s.s.support.DefaultSubjectContext][main] No SecurityManager available in subject context map.  Falling back to SecurityUtils.getSecurityManager() lookup.
isAuthenticated: true
</system-out>
  </testcase>
</testsuite>